<?xml version="1.0" encoding="UTF-8"?>
<testsuite xmlns:xsi="http://www.w3.org/2001/XMLSchema-instance" xsi:noNamespaceSchemaLocation="https://maven.apache.org/surefire/maven-surefire-plugin/xsd/surefire-test-report.xsd" name="com.ontariotechu.sofe3980U.AppTest" time="0.22" tests="46" errors="0" skipped="0" failures="0">
  <properties>
    <property name="java.specification.version" value="18"/>
    <property name="sun.cpu.isalist" value="amd64"/>
    <property name="sun.jnu.encoding" value="Cp1252"/>
    <property name="java.class.path" value="C:\Users\Tanish\Documents\GitHub\Software_Quality\SOFE_3980_Final_Project_D1\finalProject\target\test-classes;C:\Users\Tanish\Documents\GitHub\Software_Quality\SOFE_3980_Final_Project_D1\finalProject\target\classes;C:\Users\Tanish\.m2\repository\org\mockito\mockito-core\4.0.0\mockito-core-4.0.0.jar;C:\Users\Tanish\.m2\repository\net\bytebuddy\byte-buddy\1.11.19\byte-buddy-1.11.19.jar;C:\Users\Tanish\.m2\repository\net\bytebuddy\byte-buddy-agent\1.11.19\byte-buddy-agent-1.11.19.jar;C:\Users\Tanish\.m2\repository\org\objenesis\objenesis\3.2\objenesis-3.2.jar;C:\Users\Tanish\.m2\repository\org\junit\jupiter\junit-jupiter-api\5.10.0\junit-jupiter-api-5.10.0.jar;C:\Users\Tanish\.m2\repository\org\opentest4j\opentest4j\1.3.0\opentest4j-1.3.0.jar;C:\Users\Tanish\.m2\repository\org\junit\platform\junit-platform-commons\1.10.0\junit-platform-commons-1.10.0.jar;C:\Users\Tanish\.m2\repository\org\apiguardian\apiguardian-api\1.1.2\apiguardian-api-1.1.2.jar;C:\Users\Tanish\.m2\repository\org\junit\jupiter\junit-jupiter-params\5.10.0\junit-jupiter-params-5.10.0.jar;C:\Users\Tanish\.m2\repository\org\junit\jupiter\junit-jupiter-engine\5.10.0\junit-jupiter-engine-5.10.0.jar;C:\Users\Tanish\.m2\repository\org\junit\platform\junit-platform-engine\1.10.0\junit-platform-engine-1.10.0.jar;C:\Users\Tanish\.m2\repository\junit\junit\4.13.2\junit-4.13.2.jar;C:\Users\Tanish\.m2\repository\org\hamcrest\hamcrest-core\1.3\hamcrest-core-1.3.jar;"/>
    <property name="java.vm.vendor" value="Oracle Corporation"/>
    <property name="sun.arch.data.model" value="64"/>
    <property name="user.variant" value=""/>
    <property name="java.vendor.url" value="https://java.oracle.com/"/>
    <property name="user.timezone" value="America/Toronto"/>
    <property name="os.name" value="Windows 11"/>
    <property name="java.vm.specification.version" value="18"/>
    <property name="sun.java.launcher" value="SUN_STANDARD"/>
    <property name="user.country" value="US"/>
    <property name="sun.boot.library.path" value="C:\Program Files\Java\jdk-18.0.2.1\bin"/>
    <property name="sun.java.command" value="C:\Users\Tanish\AppData\Local\Temp\surefire1772312953847151650\surefirebooter921621408398284602.jar C:\Users\Tanish\AppData\Local\Temp\surefire1772312953847151650 2024-03-31T17-59-34_647-jvmRun1 surefire13632535280321598030tmp surefire_011096267560349367633tmp"/>
    <property name="jdk.debug" value="release"/>
    <property name="surefire.test.class.path" value="C:\Users\Tanish\Documents\GitHub\Software_Quality\SOFE_3980_Final_Project_D1\finalProject\target\test-classes;C:\Users\Tanish\Documents\GitHub\Software_Quality\SOFE_3980_Final_Project_D1\finalProject\target\classes;C:\Users\Tanish\.m2\repository\org\mockito\mockito-core\4.0.0\mockito-core-4.0.0.jar;C:\Users\Tanish\.m2\repository\net\bytebuddy\byte-buddy\1.11.19\byte-buddy-1.11.19.jar;C:\Users\Tanish\.m2\repository\net\bytebuddy\byte-buddy-agent\1.11.19\byte-buddy-agent-1.11.19.jar;C:\Users\Tanish\.m2\repository\org\objenesis\objenesis\3.2\objenesis-3.2.jar;C:\Users\Tanish\.m2\repository\org\junit\jupiter\junit-jupiter-api\5.10.0\junit-jupiter-api-5.10.0.jar;C:\Users\Tanish\.m2\repository\org\opentest4j\opentest4j\1.3.0\opentest4j-1.3.0.jar;C:\Users\Tanish\.m2\repository\org\junit\platform\junit-platform-commons\1.10.0\junit-platform-commons-1.10.0.jar;C:\Users\Tanish\.m2\repository\org\apiguardian\apiguardian-api\1.1.2\apiguardian-api-1.1.2.jar;C:\Users\Tanish\.m2\repository\org\junit\jupiter\junit-jupiter-params\5.10.0\junit-jupiter-params-5.10.0.jar;C:\Users\Tanish\.m2\repository\org\junit\jupiter\junit-jupiter-engine\5.10.0\junit-jupiter-engine-5.10.0.jar;C:\Users\Tanish\.m2\repository\org\junit\platform\junit-platform-engine\1.10.0\junit-platform-engine-1.10.0.jar;C:\Users\Tanish\.m2\repository\junit\junit\4.13.2\junit-4.13.2.jar;C:\Users\Tanish\.m2\repository\org\hamcrest\hamcrest-core\1.3\hamcrest-core-1.3.jar;"/>
    <property name="sun.cpu.endian" value="little"/>
    <property name="user.home" value="C:\Users\Tanish"/>
    <property name="user.language" value="en"/>
    <property name="java.specification.vendor" value="Oracle Corporation"/>
    <property name="java.version.date" value="2022-08-18"/>
    <property name="java.home" value="C:\Program Files\Java\jdk-18.0.2.1"/>
    <property name="file.separator" value="\"/>
    <property name="basedir" value="C:\Users\Tanish\Documents\GitHub\Software_Quality\SOFE_3980_Final_Project_D1\finalProject"/>
    <property name="java.vm.compressedOopsMode" value="Zero based"/>
    <property name="line.separator" value="&#10;"/>
    <property name="java.vm.specification.vendor" value="Oracle Corporation"/>
    <property name="java.specification.name" value="Java Platform API Specification"/>
    <property name="surefire.real.class.path" value="C:\Users\Tanish\AppData\Local\Temp\surefire1772312953847151650\surefirebooter921621408398284602.jar"/>
    <property name="user.script" value=""/>
    <property name="sun.management.compiler" value="HotSpot 64-Bit Tiered Compilers"/>
    <property name="java.runtime.version" value="18.0.2.1+1-1"/>
    <property name="user.name" value="Tanish"/>
    <property name="path.separator" value=";"/>
    <property name="os.version" value="10.0"/>
    <property name="java.runtime.name" value="Java(TM) SE Runtime Environment"/>
    <property name="file.encoding" value="UTF-8"/>
    <property name="java.vm.name" value="Java HotSpot(TM) 64-Bit Server VM"/>
    <property name="localRepository" value="C:\Users\Tanish\.m2\repository"/>
    <property name="java.vendor.url.bug" value="https://bugreport.java.com/bugreport/"/>
    <property name="java.io.tmpdir" value="C:\Users\Tanish\AppData\Local\Temp\"/>
    <property name="java.version" value="18.0.2.1"/>
    <property name="user.dir" value="C:\Users\Tanish\Documents\GitHub\Software_Quality\SOFE_3980_Final_Project_D1\finalProject"/>
    <property name="os.arch" value="amd64"/>
    <property name="java.vm.specification.name" value="Java Virtual Machine Specification"/>
    <property name="sun.os.patch.level" value=""/>
    <property name="native.encoding" value="Cp1252"/>
    <property name="java.library.path" value="C:\Program Files\Java\jdk-18.0.2.1\bin;C:\WINDOWS\Sun\Java\bin;C:\WINDOWS\system32;C:\WINDOWS;C:\Program Files\Amazon Corretto\jdk17.0.10_7\bin;C:\Program Files (x86)\Razer Chroma SDK\bin;C:\Program Files\Razer Chroma SDK\bin;C:\Program Files\Common Files\Oracle\Java\javapath;C:\Program Files (x86)\Common Files\Oracle\Java\javapath;C:\Program Files (x86)\Razer\ChromaBroadcast\bin;C:\Program Files\Razer\ChromaBroadcast\bin;C:\Python310\Scripts\;C:\Python310\;C:\Python\Python395\Scripts\;C:\Python\Python395\;C:\Program Files\Java\jdk1.7.0_67\bin;c:\Program Files (x86)\Microsoft SQL Server\100\Tools\Binn\;c:\Program Files\Microsoft SQL Server\100\Tools\Binn\;c:\Program Files\Microsoft SQL Server\100\DTS\Binn\;c:\Program Files (x86)\Microsoft SQL Server\100\Tools\Binn\VSShell\Common7\IDE\;c:\Program Files (x86)\Microsoft Visual Studio 9.0\Common7\IDE\PrivateAssemblies\;c:\Program Files (x86)\Microsoft SQL Server\100\DTS\Binn\;C:\WINDOWS\system32;C:\WINDOWS;C:\WINDOWS\System32\Wbem;C:\WINDOWS\System32\WindowsPowerShell\v1.0\;C:\WINDOWS\System32\OpenSSH\;C:\Program Files\NVIDIA Corporation\NVIDIA NvDLISR;C:\Program Files\Git\cmd;C:\Program Files\MSC.Software\Adams\2021_1_801488\bin;C:\Program Files\ojdkbuild\java-1.8.0-openjdk-1.8.0.292-1\bin;C:\Program Files\ojdkbuild\java-1.8.0-openjdk-1.8.0.292-1\jre\bin;C:\Program Files\ojdkbuild\java-15-openjdk-15.0.2-1\bin;C:\Program Files\MATLAB\R2021a\runtime\win64;C:\Program Files\MATLAB\R2021a\bin;C:\Program Files (x86)\IVI Foundation\VISA\WinNT\Bin\;C:\Program Files\IVI Foundation\VISA\Win64\Bin\;C:\Program Files (x86)\IVI Foundation\VISA\WinNT\Bin;C:\Program Files (x86)\NVIDIA Corporation\PhysX\Common;C:\Program Files\Microsoft SQL Server\Client SDK\ODBC\110\Tools\Binn\;C:\Program Files (x86)\Microsoft SQL Server\120\Tools\Binn\;C:\Program Files\Microsoft SQL Server\120\Tools\Binn\;C:\Program Files\Microsoft SQL Server\120\DTS\Binn\;C:\Program Files (x86)\Windows Kits\8.1\Windows Performance Toolkit\;C:\Program Files\Microsoft SQL Server\130\Tools\Binn\;C:\Program Files\nodejs\;C:\ProgramData\chocolatey\bin;C:\Program Files\MongoDB\Server\5.0\bin;C:\WINDOWS\system32\config\systemprofile\AppData\Local\Microsoft\WindowsApps;C:\Program Files\dotnet\;C:\WINDOWS\system32;C:\WINDOWS;C:\WINDOWS\System32\Wbem;C:\WINDOWS\System32\WindowsPowerShell\v1.0\;C:\WINDOWS\System32\OpenSSH\;c:\Xilinx\bin\nt;C:\Program Files\Java\jdk1.7.0_67\bin;C:\Users\Tanish\AppData\Local\Microsoft\WindowsApps;C:\src\flutter\bin;C:\Users\Tanish\AppData\Local\Programs\Microsoft VS Code\bin;C:\msys64\mingw64\bin;C:\Users\Tanish\AppData\Roaming\npm;C:\Program Files\JetBrains\IntelliJ IDEA 2022.2.2\bin;;C:\Users\Tanish\AppData\Local\GitHubDesktop\bin;C:\Program Files\apache-maven-3.9.6\bin;;."/>
    <property name="java.vm.info" value="mixed mode, sharing"/>
    <property name="java.vendor" value="Oracle Corporation"/>
    <property name="java.vm.version" value="18.0.2.1+1-1"/>
    <property name="sun.io.unicode.encoding" value="UnicodeLittle"/>
    <property name="java.class.version" value="62.0"/>
  </properties>
  <testcase name="timeFormat24ErrorTest1" classname="com.ontariotechu.sofe3980U.AppTest" time="0.019"/>
  <testcase name="timeFormat24ErrorTest2" classname="com.ontariotechu.sofe3980U.AppTest" time="0"/>
  <testcase name="timeFormat24ErrorTest3" classname="com.ontariotechu.sofe3980U.AppTest" time="0.001"/>
  <testcase name="calculateTotalTimeRoundTripShouldThrowExceptionForOverlappingFlights1" classname="com.ontariotechu.sofe3980U.AppTest" time="0.003"/>
  <testcase name="calculateTotalTimeRoundTripShouldThrowExceptionForOverlappingFlights2" classname="com.ontariotechu.sofe3980U.AppTest" time="0.001"/>
  <testcase name="calculateTotalTimeRoundTripShouldThrowExceptionForOverlappingFlights3" classname="com.ontariotechu.sofe3980U.AppTest" time="0.002"/>
  <testcase name="convertTimeTests{int, int, String, String, String, String, String, String, String, String, String, String, String, String, String, String, String, String, String, String, String, String, String, String, String, String}[1]" classname="com.ontariotechu.sofe3980U.AppTest" time="0.024"/>
  <testcase name="convertTimeTests{int, int, String, String, String, String, String, String, String, String, String, String, String, String, String, String, String, String, String, String, String, String, String, String, String, String}[2]" classname="com.ontariotechu.sofe3980U.AppTest" time="0.001"/>
  <testcase name="calculateTotalTimeShouldThrowExceptionForOverlappingFlights1" classname="com.ontariotechu.sofe3980U.AppTest" time="0.001"/>
  <testcase name="calculateTotalTimeShouldThrowExceptionForOverlappingFlights2" classname="com.ontariotechu.sofe3980U.AppTest" time="0"/>
  <testcase name="calculateTotalTimeShouldThrowExceptionForOverlappingFlights3" classname="com.ontariotechu.sofe3980U.AppTest" time="0.001"/>
  <testcase name="calculateTotalTimeShouldThrowExceptionForOverlappingFlights4" classname="com.ontariotechu.sofe3980U.AppTest" time="0.001"/>
  <testcase name="calculateTotalTimeShouldThrowExceptionForOverlappingFlights5" classname="com.ontariotechu.sofe3980U.AppTest" time="0.001"/>
  <testcase name="validateFlightPlanRoundTripTests2Flights{String, String, String, String, String, String, String, String, String, String, String, String, boolean}[1]" classname="com.ontariotechu.sofe3980U.AppTest" time="0.004"/>
  <testcase name="validateFlightPlanRoundTripTests2Flights{String, String, String, String, String, String, String, String, String, String, String, String, boolean}[2]" classname="com.ontariotechu.sofe3980U.AppTest" time="0.001"/>
  <testcase name="calculateTotalTimeNull" classname="com.ontariotechu.sofe3980U.AppTest" time="0.001"/>
  <testcase name="calculateTotalTimeTest{String, String, String, String, String, String, String, String, String, String, String, String, int}[1]" classname="com.ontariotechu.sofe3980U.AppTest" time="0.002"/>
  <testcase name="timeFormat24ErrorTest" classname="com.ontariotechu.sofe3980U.AppTest" time="0.001"/>
  <testcase name="validateFlightPlanRoundTripTests3Flights{String, String, String, String, String, String, String, String, String, String, String, String, String, String, String, String, String, String, boolean}[1]" classname="com.ontariotechu.sofe3980U.AppTest" time="0.004"/>
  <testcase name="validateFlightPlanRoundTripTests3Flights{String, String, String, String, String, String, String, String, String, String, String, String, String, String, String, String, String, String, boolean}[2]" classname="com.ontariotechu.sofe3980U.AppTest" time="0.001"/>
  <testcase name="validateFlightPlanRoundTripTests3Flights{String, String, String, String, String, String, String, String, String, String, String, String, String, String, String, String, String, String, boolean}[3]" classname="com.ontariotechu.sofe3980U.AppTest" time="0.002"/>
  <testcase name="validateFlightPlanTest{String, String, String, String, String, String, String, String, String, String, String, String, boolean}[1]" classname="com.ontariotechu.sofe3980U.AppTest" time="0.002"/>
  <testcase name="validateFlightPlanTest{String, String, String, String, String, String, String, String, String, String, String, String, boolean}[2]" classname="com.ontariotechu.sofe3980U.AppTest" time="0.001"/>
  <testcase name="validateFlightPlanTest{String, String, String, String, String, String, String, String, String, String, String, String, boolean}[3]" classname="com.ontariotechu.sofe3980U.AppTest" time="0.001"/>
  <testcase name="validateFlightPlanTest{String, String, String, String, String, String, String, String, String, String, String, String, boolean}[4]" classname="com.ontariotechu.sofe3980U.AppTest" time="0.001"/>
  <testcase name="validateFlightPlanTest{String, String, String, String, String, String, String, String, String, String, String, String, boolean}[5]" classname="com.ontariotechu.sofe3980U.AppTest" time="0.001"/>
  <testcase name="validateFlightPlanTest{String, String, String, String, String, String, String, String, String, String, String, String, boolean}[6]" classname="com.ontariotechu.sofe3980U.AppTest" time="0.001"/>
  <testcase name="inputValidationTests{String, String, String, String, String, String, boolean}[1]" classname="com.ontariotechu.sofe3980U.AppTest" time="0.002"/>
  <testcase name="inputValidationTests{String, String, String, String, String, String, boolean}[2]" classname="com.ontariotechu.sofe3980U.AppTest" time="0.001"/>
  <testcase name="inputValidationTests{String, String, String, String, String, String, boolean}[3]" classname="com.ontariotechu.sofe3980U.AppTest" time="0.001"/>
  <testcase name="inputValidationTests{String, String, String, String, String, String, boolean}[4]" classname="com.ontariotechu.sofe3980U.AppTest" time="0.001"/>
  <testcase name="inputValidationTests{String, String, String, String, String, String, boolean}[5]" classname="com.ontariotechu.sofe3980U.AppTest" time="0.001"/>
  <testcase name="inputValidationTests{String, String, String, String, String, String, boolean}[6]" classname="com.ontariotechu.sofe3980U.AppTest" time="0.001"/>
  <testcase name="inputValidationTests{String, String, String, String, String, String, boolean}[7]" classname="com.ontariotechu.sofe3980U.AppTest" time="0.001"/>
  <testcase name="inputValidationTests{String, String, String, String, String, String, boolean}[8]" classname="com.ontariotechu.sofe3980U.AppTest" time="0.001"/>
  <testcase name="inputValidationTests{String, String, String, String, String, String, boolean}[9]" classname="com.ontariotechu.sofe3980U.AppTest" time="0"/>
  <testcase name="inputValidationTests{String, String, String, String, String, String, boolean}[10]" classname="com.ontariotechu.sofe3980U.AppTest" time="0"/>
  <testcase name="inputValidationTests{String, String, String, String, String, String, boolean}[11]" classname="com.ontariotechu.sofe3980U.AppTest" time="0.001"/>
  <testcase name="inputValidationTests{String, String, String, String, String, String, boolean}[12]" classname="com.ontariotechu.sofe3980U.AppTest" time="0.001"/>
  <testcase name="calculateTotalTimeRoundTripNull" classname="com.ontariotechu.sofe3980U.AppTest" time="0.001"/>
  <testcase name="calculateTotalTimeRoundTripTest{String, String, String, String, String, String, String, String, String, String, String, String, int}[1]" classname="com.ontariotechu.sofe3980U.AppTest" time="0.002"/>
  <testcase name="timeFormat24Tests{String, String, String, String, String, String, String, String, String, String, String, String}[1]" classname="com.ontariotechu.sofe3980U.AppTest" time="0.003"/>
  <testcase name="timeFormat24Tests{String, String, String, String, String, String, String, String, String, String, String, String}[2]" classname="com.ontariotechu.sofe3980U.AppTest" time="0.001"/>
  <testcase name="convertTimeInvalidArg1" classname="com.ontariotechu.sofe3980U.AppTest" time="0.002"/>
  <testcase name="convertTimeInvalidArg2" classname="com.ontariotechu.sofe3980U.AppTest" time="0"/>
  <testcase name="convertTimeInvalidArg3" classname="com.ontariotechu.sofe3980U.AppTest" time="0"/>
</testsuite>